<?xml version="1.0" encoding="UTF-8"?>
<!-- Generated by org.testng.reporters.JUnitXMLReporter -->
<testsuite ignored="4" hostname="DESKTOP-84JVGQB" failures="0" tests="3" name="Test_All" time="195.465" errors="0" timestamp="2023-01-13T14:39:15 AST">
  <testcase classname="com.webapptestproject.testcases.ExtensionPageTest" name="validateIfExtensionInstalled" time="50.256"/>
  <testcase classname="com.webapptestproject.testcases.PositiveTestCase" name="checkForErrorReplacement" time="74.373"/>
  <testcase classname="com.webapptestproject.testcases.NegativeTestCase" name="validateLanguageErrorsAreNotDetected" time="54.589"/>
  <testcase classname="com.webapptestproject.base.BaseClass" name="@BeforeSuite loadConfig" time="0.0">
    <ignored/>
  </testcase> <!-- @BeforeSuite loadConfig -->
  <testcase classname="com.webapptestproject.base.BaseClass" name="@BeforeSuite loadConfig" time="0.0">
    <ignored/>
  </testcase> <!-- @BeforeSuite loadConfig -->
  <testcase classname="com.webapptestproject.base.BaseClass" name="@AfterSuite afterSuite" time="0.0">
    <ignored/>
  </testcase> <!-- @AfterSuite afterSuite -->
  <testcase classname="com.webapptestproject.base.BaseClass" name="@AfterSuite afterSuite" time="0.0">
    <ignored/>
  </testcase> <!-- @AfterSuite afterSuite -->
</testsuite> <!-- Test_All -->
